<?xml version="1.0" encoding="UTF-8"?>
<testng-results ignored="10" total="14" passed="3" failed="1" skipped="0">
  <reporter-output>
  </reporter-output>
  <suite started-at="2022-12-21T02:13:12 EET" name="Default suite" finished-at="2022-12-21T02:13:23 EET" duration-ms="10968">
    <groups>
    </groups>
    <test started-at="2022-12-21T02:13:12 EET" name="Default test" finished-at="2022-12-21T02:13:23 EET" duration-ms="10968">
      <class name="RestQydApiTest.CreateVendor">
        <test-method signature="CreateVendorTest()[pri:0, instance:RestQydApiTest.CreateVendor@58a9760d]" started-at="2022-12-21T02:13:22 EET" name="CreateVendorTest" finished-at="2022-12-21T02:13:22 EET" depends-on-methods="RestQydApiTest.GetCustomer.getcustomertest" duration-ms="731" status="PASS">
          <reporter-output>
          </reporter-output>
        </test-method> <!-- CreateVendorTest -->
      </class> <!-- RestQydApiTest.CreateVendor -->
      <class name="RestQydApiTest.UpdateVendor">
        <test-method signature="updateVendorDetails()[pri:0, instance:RestQydApiTest.UpdateVendor@399c4be1]" started-at="2022-12-21T02:13:22 EET" name="updateVendorDetails" finished-at="2022-12-21T02:13:23 EET" depends-on-methods="RestQydApiTest.CreateVendor.CreateVendorTest" duration-ms="1168" status="FAIL">
          <exception class="java.lang.AssertionError">
            <message>
              <![CDATA[1 expectation failed.
JSON path contact.name doesn't match.
Expected: Heath Schaden DVM
  Actual: Aleshia Hoppe
]]>
            </message>
            <full-stacktrace>
              <![CDATA[java.lang.AssertionError: 1 expectation failed.
JSON path contact.name doesn't match.
Expected: Heath Schaden DVM
  Actual: Aleshia Hoppe

at java.base/jdk.internal.reflect.DirectConstructorHandleAccessor.newInstance(DirectConstructorHandleAccessor.java:67)
at java.base/java.lang.reflect.Constructor.newInstanceWithCaller(Constructor.java:499)
at java.base/java.lang.reflect.Constructor.newInstance(Constructor.java:483)
at org.codehaus.groovy.reflection.CachedConstructor.invoke(CachedConstructor.java:73)
at org.codehaus.groovy.runtime.callsite.ConstructorSite$ConstructorSiteNoUnwrapNoCoerce.callConstructor(ConstructorSite.java:108)
at org.codehaus.groovy.runtime.callsite.CallSiteArray.defaultCallConstructor(CallSiteArray.java:58)
at org.codehaus.groovy.runtime.callsite.AbstractCallSite.callConstructor(AbstractCallSite.java:263)
at org.codehaus.groovy.runtime.callsite.AbstractCallSite.callConstructor(AbstractCallSite.java:277)
at io.restassured.internal.ResponseSpecificationImpl$HamcrestAssertionClosure.validate(ResponseSpecificationImpl.groovy:512)
at io.restassured.internal.ResponseSpecificationImpl$HamcrestAssertionClosure$validate$1.call(Unknown Source)
at io.restassured.internal.ResponseSpecificationImpl.validateResponseIfRequired(ResponseSpecificationImpl.groovy:696)
at io.restassured.internal.ResponseSpecificationImpl.this$2$validateResponseIfRequired(ResponseSpecificationImpl.groovy)
at java.base/jdk.internal.reflect.DirectMethodHandleAccessor.invoke(DirectMethodHandleAccessor.java:104)
at java.base/java.lang.reflect.Method.invoke(Method.java:577)
at org.codehaus.groovy.runtime.callsite.PlainObjectMetaMethodSite.doInvoke(PlainObjectMetaMethodSite.java:43)
at org.codehaus.groovy.runtime.callsite.PogoMetaMethodSite$PogoCachedMethodSiteNoUnwrapNoCoerce.invoke(PogoMetaMethodSite.java:198)
at org.codehaus.groovy.runtime.callsite.PogoMetaMethodSite.callCurrent(PogoMetaMethodSite.java:62)
at org.codehaus.groovy.runtime.callsite.AbstractCallSite.callCurrent(AbstractCallSite.java:185)
at io.restassured.internal.ResponseSpecificationImpl.body(ResponseSpecificationImpl.groovy:270)
at io.restassured.specification.ResponseSpecification$body$0.callCurrent(Unknown Source)
at io.restassured.internal.ResponseSpecificationImpl.body(ResponseSpecificationImpl.groovy:117)
at io.restassured.internal.ValidatableResponseOptionsImpl.body(ValidatableResponseOptionsImpl.java:244)
at RestQydApiTest.UpdateVendor.updateVendorDetails(UpdateVendor.java:63)
at java.base/jdk.internal.reflect.DirectMethodHandleAccessor.invoke(DirectMethodHandleAccessor.java:104)
at java.base/java.lang.reflect.Method.invoke(Method.java:577)
at org.testng.internal.invokers.MethodInvocationHelper.invokeMethod(MethodInvocationHelper.java:139)
at org.testng.internal.invokers.TestInvoker.invokeMethod(TestInvoker.java:677)
at org.testng.internal.invokers.TestInvoker.invokeTestMethod(TestInvoker.java:221)
at org.testng.internal.invokers.MethodRunner.runInSequence(MethodRunner.java:50)
at org.testng.internal.invokers.TestInvoker$MethodInvocationAgent.invoke(TestInvoker.java:969)
at org.testng.internal.invokers.TestInvoker.invokeTestMethods(TestInvoker.java:194)
at org.testng.internal.invokers.TestMethodWorker.invokeTestMethods(TestMethodWorker.java:148)
at org.testng.internal.invokers.TestMethodWorker.run(TestMethodWorker.java:128)
at java.base/java.util.ArrayList.forEach(ArrayList.java:1511)
at org.testng.TestRunner.privateRun(TestRunner.java:829)
at org.testng.TestRunner.run(TestRunner.java:602)
at org.testng.SuiteRunner.runTest(SuiteRunner.java:437)
at org.testng.SuiteRunner.runSequentially(SuiteRunner.java:431)
at org.testng.SuiteRunner.privateRun(SuiteRunner.java:391)
at org.testng.SuiteRunner.run(SuiteRunner.java:330)
at org.testng.SuiteRunnerWorker.runSuite(SuiteRunnerWorker.java:52)
at org.testng.SuiteRunnerWorker.run(SuiteRunnerWorker.java:95)
at org.testng.TestNG.runSuitesSequentially(TestNG.java:1256)
at org.testng.TestNG.runSuitesLocally(TestNG.java:1176)
at org.testng.TestNG.runSuites(TestNG.java:1099)
at org.testng.TestNG.run(TestNG.java:1067)
at org.testng.remote.AbstractRemoteTestNG.run(AbstractRemoteTestNG.java:115)
at org.testng.remote.RemoteTestNG.initAndRun(RemoteTestNG.java:251)
at org.testng.remote.RemoteTestNG.main(RemoteTestNG.java:77)
]]>
            </full-stacktrace>
          </exception> <!-- java.lang.AssertionError -->
          <reporter-output>
          </reporter-output>
        </test-method> <!-- updateVendorDetails -->
      </class> <!-- RestQydApiTest.UpdateVendor -->
      <class name="RestQydApiTest.Customerbase">
        <test-method signature="addcust()[pri:0, instance:RestQydApiTest.Customerbase@6a2f6f80]" started-at="2022-12-21T02:13:13 EET" name="addcust" finished-at="2022-12-21T02:13:20 EET" duration-ms="7131" status="PASS">
          <reporter-output>
          </reporter-output>
        </test-method> <!-- addcust -->
      </class> <!-- RestQydApiTest.Customerbase -->
      <class name="RestQydApiTest.GetCustomer">
        <test-method signature="getcustomertest()[pri:0, instance:RestQydApiTest.GetCustomer@291caca8]" started-at="2022-12-21T02:13:20 EET" name="getcustomertest" finished-at="2022-12-21T02:13:22 EET" depends-on-methods="RestQydApiTest.Customerbase.addcust" duration-ms="1791" status="PASS">
          <reporter-output>
          </reporter-output>
        </test-method> <!-- getcustomertest -->
      </class> <!-- RestQydApiTest.GetCustomer -->
    </test> <!-- Default test -->
  </suite> <!-- Default suite -->
</testng-results>
